# CE4302 trace v2
# Workload: contador_atomico
# Contador en 0x8000 modificado por 4 PEs con ADD y SUB
# MISS_LATENCY=43 ns  (L1=1 IC=2 MEM=40)
#
# tick  pe  op     addr        size  valor
0 0 W 0x8000 4 1000
43 0 ADD 0x8000 4 10
129 1 SUB 0x8000 4 3
215 2 ADD 0x8000 4 5
301 3 SUB 0x8000 4 7
387 0 ADD 0x8000 4 10
473 1 SUB 0x8000 4 3
559 2 ADD 0x8000 4 5
645 3 SUB 0x8000 4 7
731 0 ADD 0x8000 4 10
817 1 SUB 0x8000 4 3
903 2 ADD 0x8000 4 5
989 3 SUB 0x8000 4 7
1075 0 ADD 0x8000 4 10
1161 1 SUB 0x8000 4 3
1247 2 ADD 0x8000 4 5
1333 3 SUB 0x8000 4 7
1419 0 R 0x8000 4
