# CE4302 trace v2
# Workload: contadores_privados
# Cada PE incrementa su propio contador en paralelo
# MISS_LATENCY=43 ns  (L1=1 IC=2 MEM=40)
#
# tick  pe  op     addr        size  valor
0 0 W 0x1000 4 0
0 1 W 0x2000 4 0
0 2 W 0x3000 4 0
0 3 W 0x4000 4 0
43 0 ADD 0x1000 4 1
43 1 ADD 0x2000 4 1
43 2 ADD 0x3000 4 1
43 3 ADD 0x4000 4 1
129 0 ADD 0x1000 4 1
129 1 ADD 0x2000 4 1
129 2 ADD 0x3000 4 1
129 3 ADD 0x4000 4 1
215 0 ADD 0x1000 4 1
215 1 ADD 0x2000 4 1
215 2 ADD 0x3000 4 1
215 3 ADD 0x4000 4 1
301 0 ADD 0x1000 4 1
301 1 ADD 0x2000 4 1
301 2 ADD 0x3000 4 1
301 3 ADD 0x4000 4 1
387 0 ADD 0x1000 4 1
387 1 ADD 0x2000 4 1
387 2 ADD 0x3000 4 1
387 3 ADD 0x4000 4 1
473 0 R 0x2000 4
473 1 R 0x3000 4
473 2 R 0x4000 4
473 3 R 0x1000 4
