# CE4302 trace v2
# Workload: migratory
# Linea migra entre PEs en exclusividad
# MISS_LATENCY=43 ns  (L1=1 IC=2 MEM=40)
#
# tick  pe  op     addr        size  valor
0 0 R 0xa000 4
0 1 R 0xb000 4
43 0 W 0xa000 4 0
43 1 W 0xb000 4 0
86 1 R 0xa000 4
86 2 R 0xb000 4
129 1 W 0xa000 4 0
129 2 W 0xb000 4 0
172 0 R 0xa000 4
172 1 R 0xb000 4
215 0 W 0xa000 4 1
215 1 W 0xb000 4 1
258 1 R 0xa000 4
258 2 R 0xb000 4
301 1 W 0xa000 4 1
301 2 W 0xb000 4 1
344 0 R 0xa000 4
344 1 R 0xb000 4
387 0 W 0xa000 4 2
387 1 W 0xb000 4 2
430 1 R 0xa000 4
430 2 R 0xb000 4
473 1 W 0xa000 4 2
473 2 W 0xb000 4 2
516 0 R 0xa000 4
516 1 R 0xb000 4
559 0 W 0xa000 4 3
559 1 W 0xb000 4 3
602 1 R 0xa000 4
602 2 R 0xb000 4
645 1 W 0xa000 4 3
645 2 W 0xb000 4 3
