# CE4302 trace v2
# Workload: migratory_atomic
# Migracion controlada de una linea con RMW para ver comportamiento Firefly
# MISS_LATENCY=43 ns  (L1=1 IC=2 MEM=40)
#
# tick  pe  op     addr        size  valor
0 0 W 0xa000 4 0
43 0 ADD 0xa000 4 1
129 1 ADD 0xa000 4 2
215 2 ADD 0xa000 4 3
301 3 ADD 0xa000 4 4
387 0 ADD 0xa000 4 1
473 1 ADD 0xa000 4 2
559 2 ADD 0xa000 4 3
645 3 ADD 0xa000 4 4
731 0 ADD 0xa000 4 1
817 1 ADD 0xa000 4 2
903 2 ADD 0xa000 4 3
989 3 ADD 0xa000 4 4
1075 0 R 0xa000 4
1075 1 R 0xa000 4
1075 2 R 0xa000 4
1075 3 R 0xa000 4
