# CE4302 trace v1
# Workload: migratory pattern (same line handed across PEs)
0 0 R 0x9000 4
1 0 W 0x9000 4 0
2 1 R 0x9000 4
3 1 W 0x9000 4 1
4 2 R 0x9000 4
5 2 W 0x9000 4 2
6 3 R 0x9000 4
7 3 W 0x9000 4 3
8 0 R 0x9000 4
9 0 W 0x9000 4 4
10 1 R 0x9000 4
11 1 W 0x9000 4 5
12 2 R 0x9000 4
13 2 W 0x9000 4 6
14 3 R 0x9000 4
15 3 W 0x9000 4 7
16 0 R 0x9000 4
17 0 W 0x9000 4 8
18 1 R 0x9000 4
19 1 W 0x9000 4 9
20 2 R 0x9000 4
21 2 W 0x9000 4 10
22 3 R 0x9000 4
23 3 W 0x9000 4 11
24 0 R 0x9000 4
25 0 W 0x9000 4 12
26 1 R 0x9000 4
27 1 W 0x9000 4 13
28 2 R 0x9000 4
29 2 W 0x9000 4 14
30 3 R 0x9000 4
31 3 W 0x9000 4 15
32 0 R 0x9000 4
33 0 W 0x9000 4 16
34 1 R 0x9000 4
35 1 W 0x9000 4 17
36 2 R 0x9000 4
37 2 W 0x9000 4 18
38 3 R 0x9000 4
39 3 W 0x9000 4 19
40 0 R 0x9000 4
41 0 W 0x9000 4 20
42 1 R 0x9000 4
43 1 W 0x9000 4 21
44 2 R 0x9000 4
45 2 W 0x9000 4 22
46 3 R 0x9000 4
47 3 W 0x9000 4 23
48 0 R 0x9000 4
49 0 W 0x9000 4 24
50 1 R 0x9000 4
51 1 W 0x9000 4 25
52 2 R 0x9000 4
53 2 W 0x9000 4 26
54 3 R 0x9000 4
55 3 W 0x9000 4 27
56 0 R 0x9000 4
57 0 W 0x9000 4 28
58 1 R 0x9000 4
59 1 W 0x9000 4 29
60 2 R 0x9000 4
61 2 W 0x9000 4 30
62 3 R 0x9000 4
63 3 W 0x9000 4 31
64 0 R 0x9000 4
65 0 W 0x9000 4 32
66 1 R 0x9000 4
67 1 W 0x9000 4 33
68 2 R 0x9000 4
69 2 W 0x9000 4 34
70 3 R 0x9000 4
71 3 W 0x9000 4 35
72 0 R 0x9000 4
73 0 W 0x9000 4 36
74 1 R 0x9000 4
75 1 W 0x9000 4 37
76 2 R 0x9000 4
77 2 W 0x9000 4 38
78 3 R 0x9000 4
79 3 W 0x9000 4 39
80 0 R 0x9000 4
81 0 W 0x9000 4 40
82 1 R 0x9000 4
83 1 W 0x9000 4 41
84 2 R 0x9000 4
85 2 W 0x9000 4 42
86 3 R 0x9000 4
87 3 W 0x9000 4 43
88 0 R 0x9000 4
89 0 W 0x9000 4 44
90 1 R 0x9000 4
91 1 W 0x9000 4 45
92 2 R 0x9000 4
93 2 W 0x9000 4 46
94 3 R 0x9000 4
95 3 W 0x9000 4 47
96 0 R 0x9000 4
97 0 W 0x9000 4 48
98 1 R 0x9000 4
99 1 W 0x9000 4 49
100 2 R 0x9000 4
101 2 W 0x9000 4 50
102 3 R 0x9000 4
103 3 W 0x9000 4 51
104 0 R 0x9000 4
105 0 W 0x9000 4 52
106 1 R 0x9000 4
107 1 W 0x9000 4 53
108 2 R 0x9000 4
109 2 W 0x9000 4 54
110 3 R 0x9000 4
111 3 W 0x9000 4 55
112 0 R 0x9000 4
113 0 W 0x9000 4 56
114 1 R 0x9000 4
115 1 W 0x9000 4 57
116 2 R 0x9000 4
117 2 W 0x9000 4 58
118 3 R 0x9000 4
119 3 W 0x9000 4 59
120 0 R 0x9000 4
121 0 W 0x9000 4 60
122 1 R 0x9000 4
123 1 W 0x9000 4 61
124 2 R 0x9000 4
125 2 W 0x9000 4 62
126 3 R 0x9000 4
127 3 W 0x9000 4 63
128 0 R 0x9000 4
129 0 W 0x9000 4 64
130 1 R 0x9000 4
131 1 W 0x9000 4 65
132 2 R 0x9000 4
133 2 W 0x9000 4 66
134 3 R 0x9000 4
135 3 W 0x9000 4 67
136 0 R 0x9000 4
137 0 W 0x9000 4 68
138 1 R 0x9000 4
139 1 W 0x9000 4 69
140 2 R 0x9000 4
141 2 W 0x9000 4 70
142 3 R 0x9000 4
143 3 W 0x9000 4 71
144 0 R 0x9000 4
145 0 W 0x9000 4 72
146 1 R 0x9000 4
147 1 W 0x9000 4 73
148 2 R 0x9000 4
149 2 W 0x9000 4 74
150 3 R 0x9000 4
151 3 W 0x9000 4 75
152 0 R 0x9000 4
153 0 W 0x9000 4 76
154 1 R 0x9000 4
155 1 W 0x9000 4 77
156 2 R 0x9000 4
157 2 W 0x9000 4 78
158 3 R 0x9000 4
159 3 W 0x9000 4 79
160 0 R 0x9000 4
161 0 W 0x9000 4 80
162 1 R 0x9000 4
163 1 W 0x9000 4 81
164 2 R 0x9000 4
165 2 W 0x9000 4 82
166 3 R 0x9000 4
167 3 W 0x9000 4 83
168 0 R 0x9000 4
169 0 W 0x9000 4 84
170 1 R 0x9000 4
171 1 W 0x9000 4 85
172 2 R 0x9000 4
173 2 W 0x9000 4 86
174 3 R 0x9000 4
175 3 W 0x9000 4 87
176 0 R 0x9000 4
177 0 W 0x9000 4 88
178 1 R 0x9000 4
179 1 W 0x9000 4 89
180 2 R 0x9000 4
181 2 W 0x9000 4 90
182 3 R 0x9000 4
183 3 W 0x9000 4 91
184 0 R 0x9000 4
185 0 W 0x9000 4 92
186 1 R 0x9000 4
187 1 W 0x9000 4 93
188 2 R 0x9000 4
189 2 W 0x9000 4 94
190 3 R 0x9000 4
191 3 W 0x9000 4 95
