# CE4302 trace v1
# Workload: producer-consumer (shared line ~0x8000)
0 0 W 0x8000 4 0
1 1 R 0x8000 4
2 0 W 0x8000 4 1
3 1 R 0x8000 4
4 0 W 0x8000 4 2
5 1 R 0x8000 4
6 0 W 0x8000 4 3
7 1 R 0x8000 4
8 0 W 0x8000 4 4
9 1 R 0x8000 4
10 0 W 0x8000 4 5
11 1 R 0x8000 4
12 0 W 0x8000 4 6
13 1 R 0x8000 4
14 0 W 0x8000 4 7
15 1 R 0x8000 4
16 0 W 0x8000 4 8
17 1 R 0x8000 4
18 0 W 0x8000 4 9
19 1 R 0x8000 4
20 0 W 0x8000 4 10
21 1 R 0x8000 4
22 0 W 0x8000 4 11
23 1 R 0x8000 4
24 0 W 0x8000 4 12
25 1 R 0x8000 4
26 0 W 0x8000 4 13
27 1 R 0x8000 4
28 0 W 0x8000 4 14
29 1 R 0x8000 4
30 0 W 0x8000 4 15
31 1 R 0x8000 4
32 0 W 0x8000 4 16
33 1 R 0x8000 4
34 0 W 0x8000 4 17
35 1 R 0x8000 4
36 0 W 0x8000 4 18
37 1 R 0x8000 4
38 0 W 0x8000 4 19
39 1 R 0x8000 4
40 0 W 0x8000 4 20
41 1 R 0x8000 4
42 0 W 0x8000 4 21
43 1 R 0x8000 4
44 0 W 0x8000 4 22
45 1 R 0x8000 4
46 0 W 0x8000 4 23
47 1 R 0x8000 4
48 0 W 0x8000 4 24
49 1 R 0x8000 4
50 0 W 0x8000 4 25
51 1 R 0x8000 4
52 0 W 0x8000 4 26
53 1 R 0x8000 4
54 0 W 0x8000 4 27
55 1 R 0x8000 4
56 0 W 0x8000 4 28
57 1 R 0x8000 4
58 0 W 0x8000 4 29
59 1 R 0x8000 4
60 0 W 0x8000 4 30
61 1 R 0x8000 4
62 0 W 0x8000 4 31
63 1 R 0x8000 4
